<?xml version="1.0" encoding="UTF-8"?>
<!-- Generated by org.testng.reporters.JUnitReportReporter -->
<testsuite hostname="DESKTOP-3BDCUU4" failures="0" tests="1" name="com.ParasoftHybridframework.TestCases.TC_CustomersLink_003" time="10.555" errors="0" timestamp="2023-03-20T12:09:35 IST" skipped="0">
  <testcase classname="com.ParasoftHybridframework.TestCases.TC_CustomersLink_003" name="customers" time="10.555"/>
  <system-out/>
</testsuite> <!-- com.ParasoftHybridframework.TestCases.TC_CustomersLink_003 -->
