<?xml version="1.0" encoding="UTF-8"?>
<!-- Generated by org.testng.reporters.JUnitReportReporter -->
<testsuite hostname="DESKTOP-3BDCUU4" failures="0" tests="4" name="com.ParasoftHybridframework.TestCases.TC_Industriesdrp_008" time="38.132" errors="0" timestamp="2023-03-20T12:10:47 IST" skipped="0">
  <testcase classname="com.ParasoftHybridframework.TestCases.TC_Industriesdrp_008" name="CivilAviation" time="10.533"/>
  <system-out/>
  <testcase classname="com.ParasoftHybridframework.TestCases.TC_Industriesdrp_008" name="Automotive" time="8.899"/>
  <system-out/>
  <testcase classname="com.ParasoftHybridframework.TestCases.TC_Industriesdrp_008" name="Government" time="9.016"/>
  <system-out/>
  <testcase classname="com.ParasoftHybridframework.TestCases.TC_Industriesdrp_008" name="Finance" time="9.684"/>
  <system-out/>
</testsuite> <!-- com.ParasoftHybridframework.TestCases.TC_Industriesdrp_008 -->
