<?xml version="1.0" encoding="UTF-8"?>
<!-- Generated by org.testng.reporters.JUnitReportReporter -->
<testsuite hostname="DESKTOP-3BDCUU4" failures="0" tests="4" name="com.ParasoftHybridframework.TestCases.TC_Resourcesdrp_009" time="11.841" errors="0" timestamp="2023-03-07T10:51:30 IST" skipped="0">
  <testcase classname="com.ParasoftHybridframework.TestCases.TC_Resourcesdrp_009" name="AnalystResearch" time="3.074"/>
  <system-out/>
  <testcase classname="com.ParasoftHybridframework.TestCases.TC_Resourcesdrp_009" name="Brouchures" time="2.931"/>
  <system-out/>
  <testcase classname="com.ParasoftHybridframework.TestCases.TC_Resourcesdrp_009" name="Blog" time="3.007"/>
  <system-out/>
  <testcase classname="com.ParasoftHybridframework.TestCases.TC_Resourcesdrp_009" name="CaseStudies" time="2.829"/>
  <system-out/>
</testsuite> <!-- com.ParasoftHybridframework.TestCases.TC_Resourcesdrp_009 -->
