<?xml version="1.0" encoding="UTF-8"?>
<!-- Generated by org.testng.reporters.JUnitReportReporter -->
<testsuite hostname="DESKTOP-3BDCUU4" failures="0" tests="4" name="com.ParasoftHybridframework.TestCases.TC_SolutionsDrpdwn_004" time="9.918" errors="0" timestamp="2023-03-07T10:51:30 IST" skipped="0">
  <testcase classname="com.ParasoftHybridframework.TestCases.TC_SolutionsDrpdwn_004" name="UnitTesting" time="0.673"/>
  <system-out/>
  <testcase classname="com.ParasoftHybridframework.TestCases.TC_SolutionsDrpdwn_004" name="APIsecurityTesting" time="2.640"/>
  <system-out/>
  <testcase classname="com.ParasoftHybridframework.TestCases.TC_SolutionsDrpdwn_004" name="APItesting" time="3.849"/>
  <system-out/>
  <testcase classname="com.ParasoftHybridframework.TestCases.TC_SolutionsDrpdwn_004" name="CodeCoverage" time="2.756"/>
  <system-out/>
</testsuite> <!-- com.ParasoftHybridframework.TestCases.TC_SolutionsDrpdwn_004 -->
