<?xml version="1.0" encoding="UTF-8"?>
<!-- Generated by org.testng.reporters.JUnitReportReporter -->
<testsuite hostname="DESKTOP-3BDCUU4" failures="0" tests="1" name="com.ParasoftHybridframework.TestCases.TC_Languagedrp_006" time="6.242" errors="0" timestamp="2023-03-31T10:42:00 IST" skipped="0">
  <testcase classname="com.ParasoftHybridframework.TestCases.TC_Languagedrp_006" name="languagedrp" time="6.242"/>
  <system-out/>
</testsuite> <!-- com.ParasoftHybridframework.TestCases.TC_Languagedrp_006 -->
