<?xml version="1.0" encoding="UTF-8"?>
<!-- Generated by org.testng.reporters.JUnitReportReporter -->
<testsuite hostname="DESKTOP-3BDCUU4" failures="0" tests="1" name="com.ParasoftHybridframework.TestCases.TC_ContactUsLink_001" time="6.351" errors="0" timestamp="2023-03-13T15:53:05 IST" skipped="0">
  <testcase classname="com.ParasoftHybridframework.TestCases.TC_ContactUsLink_001" name="contactus" time="6.351"/>
  <system-out/>
</testsuite> <!-- com.ParasoftHybridframework.TestCases.TC_ContactUsLink_001 -->
