<?xml version="1.0" encoding="UTF-8"?>
<!-- Generated by org.testng.reporters.JUnitReportReporter -->
<testsuite hostname="DESKTOP-3BDCUU4" failures="0" tests="1" name="com.ParasoftHybridframework.TestCases.TC_TryParasoftLink_002" time="6.998" errors="0" timestamp="2023-03-07T10:51:30 IST" skipped="0">
  <testcase classname="com.ParasoftHybridframework.TestCases.TC_TryParasoftLink_002" name="tryparasoft" time="6.998"/>
  <system-out/>
</testsuite> <!-- com.ParasoftHybridframework.TestCases.TC_TryParasoftLink_002 -->
