<?xml version="1.0" encoding="UTF-8"?>
<!-- Generated by org.testng.reporters.JUnitReportReporter -->
<testsuite hostname="DESKTOP-3BDCUU4" failures="0" tests="1" name="com.ParasoftHybridframework.TestCases.TC_Languagedrp_006" time="5.997" errors="0" timestamp="2023-03-07T10:51:30 IST" skipped="0">
  <testcase classname="com.ParasoftHybridframework.TestCases.TC_Languagedrp_006" name="languagedrp" time="5.997"/>
  <system-out/>
</testsuite> <!-- com.ParasoftHybridframework.TestCases.TC_Languagedrp_006 -->
